C:\USERS\HUANG\DESKTOP\DATA NETWORKING\SERVER\DEBUG\SERVER.EXE
C:\USERS\HUANG\DESKTOP\DATA NETWORKING\SERVER\DEBUG\SERVER.ILK
C:\USERS\HUANG\DESKTOP\DATA NETWORKING\SERVER\DEBUG\SERVER.PDB
C:\Users\huang\Desktop\Data Networking\Server\Server\Debug\cl.command.1.tlog
C:\Users\huang\Desktop\Data Networking\Server\Server\Debug\CL.read.1.tlog
C:\Users\huang\Desktop\Data Networking\Server\Server\Debug\CL.write.1.tlog
C:\Users\huang\Desktop\Data Networking\Server\Server\Debug\link.13132.read.1.tlog
C:\Users\huang\Desktop\Data Networking\Server\Server\Debug\link.13132.write.1.tlog
C:\Users\huang\Desktop\Data Networking\Server\Server\Debug\link.13132-cvtres.read.1.tlog
C:\Users\huang\Desktop\Data Networking\Server\Server\Debug\link.13132-cvtres.write.1.tlog
C:\Users\huang\Desktop\Data Networking\Server\Server\Debug\link.15556.read.1.tlog
C:\Users\huang\Desktop\Data Networking\Server\Server\Debug\link.15556.write.1.tlog
C:\Users\huang\Desktop\Data Networking\Server\Server\Debug\link.15556-cvtres.read.1.tlog
C:\Users\huang\Desktop\Data Networking\Server\Server\Debug\link.15556-cvtres.write.1.tlog
C:\Users\huang\Desktop\Data Networking\Server\Server\Debug\link.command.1.tlog
C:\Users\huang\Desktop\Data Networking\Server\Server\Debug\link.read.1.tlog
C:\Users\huang\Desktop\Data Networking\Server\Server\Debug\link.write.1.tlog
C:\Users\huang\Desktop\Data Networking\Server\Server\Debug\link-cvtres.read.1.tlog
C:\Users\huang\Desktop\Data Networking\Server\Server\Debug\link-cvtres.write.1.tlog
C:\Users\huang\Desktop\Data Networking\Server\Server\Debug\mt.command.1.tlog
C:\Users\huang\Desktop\Data Networking\Server\Server\Debug\mt.read.1.tlog
C:\Users\huang\Desktop\Data Networking\Server\Server\Debug\mt.write.1.tlog
C:\Users\huang\Desktop\Data Networking\Server\Server\Debug\rc.command.1.tlog
C:\Users\huang\Desktop\Data Networking\Server\Server\Debug\rc.read.1.tlog
C:\Users\huang\Desktop\Data Networking\Server\Server\Debug\rc.write.1.tlog
C:\USERS\HUANG\DESKTOP\DATA NETWORKING\SERVER\SERVER\DEBUG\SERVER.EXE.EMBED.MANIFEST
C:\USERS\HUANG\DESKTOP\DATA NETWORKING\SERVER\SERVER\DEBUG\SERVER.EXE.EMBED.MANIFEST.RES
C:\USERS\HUANG\DESKTOP\DATA NETWORKING\SERVER\SERVER\DEBUG\SERVER.EXE.INTERMEDIATE.MANIFEST
C:\USERS\HUANG\DESKTOP\DATA NETWORKING\SERVER\SERVER\DEBUG\SERVER.OBJ
C:\USERS\HUANG\DESKTOP\DATA NETWORKING\SERVER\SERVER\DEBUG\SERVER.PCH
C:\Users\huang\Desktop\Data Networking\Server\Server\Debug\Server_manifest.rc
C:\USERS\HUANG\DESKTOP\DATA NETWORKING\SERVER\SERVER\DEBUG\STDAFX.OBJ
C:\Users\huang\Desktop\Data Networking\Server\Server\Debug\vc100.idb
C:\USERS\HUANG\DESKTOP\DATA NETWORKING\SERVER\SERVER\DEBUG\VC100.PDB
